#
# A fatal error has been detected by the Java Runtime Environment:
#
#  SIGSEGV (0xb) at pc=0x000000010f632d20, pid=88486, tid=19203
#
# JRE version: Java(TM) SE Runtime Environment (8.0_40-b27) (build 1.8.0_40-b27)
# Java VM: Java HotSpot(TM) 64-Bit Server VM (25.40-b25 mixed mode bsd-amd64 compressed oops)
# Problematic frame:
# V  [libjvm.dylib+0x432d20]
#
# Failed to write core dump. Core dumps have been disabled. To enable core dumping, try "ulimit -c unlimited" before starting Java again
#
# If you would like to submit a bug report, please visit:
#   http://bugreport.java.com/bugreport/crash.jsp
#

---------------  T H R E A D  ---------------

Current thread (0x00007fa528804000):  JavaThread "JDWP Transport Listener: dt_socket" daemon [_thread_in_vm, id=19203, stack(0x0000700000f47000,0x0000700001047000)]

siginfo: si_signo: 11 (SIGSEGV), si_code: 0 (unknown), si_addr: 0x0000000000000000

Registers:
RAX=0x0000000000000001, RBX=0x0000700001046a8b, RCX=0x000000010f9fa190, RDX=0x0000700001046a8b
RSP=0x00007000010469d0, RBP=0x00007000010469e0, RSI=0x00007fa528804000, RDI=0x000407fa00000036
R8 =0x0000000000000003, R9 =0x00007fa52ac3bf40, R10=0x000000004b8ecf3e, R11=0x00007fa536c00000
R12=0x00007fa528804000, R13=0x000407fa00000036, R14=0x000407fa00000036, R15=0x00007fa52a801d90
RIP=0x000000010f632d20, EFLAGS=0x0000000000010206, ERR=0x0000000000000000
  TRAPNO=0x000000000000000d

Top of Stack: (sp=0x00007000010469d0)
0x00007000010469d0:   0000700001046a8b 0000700001046a8b
0x00007000010469e0:   0000700001046a40 000000010f54311a
0x00007000010469f0:   00007fa528804000 0000000000000000
0x0000700001046a00:   0000000000000000 0000000000000000
0x0000700001046a10:   00007fa528804000 00007fa528804000
0x0000700001046a20:   0000700001046a8b 0000700001046a90
0x0000700001046a30:   000407fa00000036 0000000000000007
0x0000700001046a40:   0000700001046a60 000000010e10a780
0x0000700001046a50:   0000000000000001 0000700001046b08
0x0000700001046a60:   0000700001046ad0 000000010e0ef1f3
0x0000700001046a70:   0000700001046aa0 00007fa528572990
0x0000700001046a80:   0000000800000032 0000000900046b08
0x0000700001046a90:   0000000000000000 0000000000000000
0x0000700001046aa0:   0000000000000000 0000700001046c90
0x0000700001046ab0:   000000010e111e7a 00007fa5287aa950
0x0000700001046ac0:   0000700001046b08 000000010e11d598
0x0000700001046ad0:   0000700001046ae0 000000010e0ef2ec
0x0000700001046ae0:   0000700001046d00 000000010e0f8898
0x0000700001046af0:   00118f5900000013 00000000000f0200
0x0000700001046b00:   00007fa5287ae6f0 00007fa533a60254
0x0000700001046b10:   00007fa50000045c 00007fa5285d0820
0x0000700001046b20:   000000000000012c 0000700001046b58
0x0000700001046b30:   00007fa536c62340 0000000000000000
0x0000700001046b40:   00118f590000000f 00007fff0000ac80
0x0000700001046b50:   0000700001046b58 a57f000008000000
0x0000700001046b60:   06000000589ba636 00003e74696e693c
0x0000700001046b70:   0000005629280300 7f00000100000000
0x0000700001046b80:   00000030bbfc2aa5 4d7265687461670d
0x0000700001046b90:   000073646f687465 6176616a4c283400
0x0000700001046ba0:   624f2f676e616c2f 616a4c3b7463656a
0x0000700001046bb0:   2f6c6974752f6176 6a4c293b7473694c
0x0000700001046bc0:   6c6974752f617661 00003b7473694c2f 

Instructions: (pc=0x000000010f632d20)
0x000000010f632d00:   40 48 48 85 c0 75 e0 30 c0 0f b6 c0 5d c3 31 c0
0x000000010f632d10:   5d c3 55 48 89 e5 53 48 83 ec 08 48 85 ff 74 24
0x000000010f632d20:   48 8b 1f 48 85 db 74 1c 48 83 fb 37 74 16 48 8b
0x000000010f632d30:   03 48 89 df ff 50 10 84 c0 b8 00 00 00 00 48 0f 

Register to memory mapping:

RAX=0x0000000000000001 is an unknown value
RBX=0x0000700001046a8b is pointing into the stack for thread: 0x00007fa528804000
RCX=0x000000010f9fa190: UseMembar+0 in /Library/Java/JavaVirtualMachines/jdk1.8.0_40.jdk/Contents/Home/jre/lib/server/libjvm.dylib at 0x000000010f200000
RDX=0x0000700001046a8b is pointing into the stack for thread: 0x00007fa528804000
RSP=0x00007000010469d0 is pointing into the stack for thread: 0x00007fa528804000
RBP=0x00007000010469e0 is pointing into the stack for thread: 0x00007fa528804000
RSI=0x00007fa528804000 is a thread
RDI=0x000407fa00000036 is an unknown value
R8 =0x0000000000000003 is an unknown value
R9 =0x00007fa52ac3bf40 is an unknown value
R10=0x000000004b8ecf3e is an unknown value
R11=0x00007fa536c00000 is an unknown value
R12=0x00007fa528804000 is a thread
R13=0x000407fa00000036 is an unknown value
R14=0x000407fa00000036 is an unknown value
R15=0x00007fa52a801d90 is an unknown value


Stack: [0x0000700000f47000,0x0000700001047000],  sp=0x00007000010469d0,  free space=1022k
Native frames: (J=compiled Java code, j=interpreted, Vv=VM code, C=native code)
V  [libjvm.dylib+0x432d20]
V  [libjvm.dylib+0x34311a]
C  [libjdwp.dylib+0x20780]  isMethodSynthetic+0x63
C  [libjdwp.dylib+0x51f3]  methods1+0x10b
C  [libjdwp.dylib+0x52ec]  methodsWithGeneric+0xe
C  [libjdwp.dylib+0xe898]  debugLoop_run+0x1ce
C  [libjdwp.dylib+0x1f6ba]  attachThread+0x4d
V  [libjvm.dylib+0x384060]
V  [libjvm.dylib+0x549acf]
V  [libjvm.dylib+0x54b1c0]
V  [libjvm.dylib+0x46ea8e]
C  [libsystem_pthread.dylib+0x399d]  _pthread_body+0x83
C  [libsystem_pthread.dylib+0x391a]  _pthread_body+0x0
C  [libsystem_pthread.dylib+0x1351]  thread_start+0xd
C  0x0000000000000000


---------------  P R O C E S S  ---------------

Java Threads: ( => current thread )
  0x00007fa5361f1800 JavaThread "Tomcat JDBC Pool Cleaner[349885916:1533241028332]" daemon [_thread_blocked, id=23811, stack(0x0000700001862000,0x0000700001962000)]
  0x00007fa52c147000 JavaThread "Service Thread" daemon [_thread_blocked, id=22787, stack(0x000070000165c000,0x000070000175c000)]
  0x00007fa52b07b800 JavaThread "C1 CompilerThread3" daemon [_thread_blocked, id=22275, stack(0x0000700001559000,0x0000700001659000)]
  0x00007fa52b866800 JavaThread "C2 CompilerThread2" daemon [_thread_blocked, id=21763, stack(0x0000700001456000,0x0000700001556000)]
  0x00007fa529965800 JavaThread "C2 CompilerThread1" daemon [_thread_blocked, id=21251, stack(0x0000700001353000,0x0000700001453000)]
  0x00007fa529040000 JavaThread "C2 CompilerThread0" daemon [_thread_blocked, id=20739, stack(0x0000700001250000,0x0000700001350000)]
  0x00007fa52c819800 JavaThread "JDWP Command Reader" daemon [_thread_in_native, id=20227, stack(0x000070000114d000,0x000070000124d000)]
  0x00007fa528805000 JavaThread "JDWP Event Helper Thread" daemon [_thread_blocked, id=19715, stack(0x000070000104a000,0x000070000114a000)]
=>0x00007fa528804000 JavaThread "JDWP Transport Listener: dt_socket" daemon [_thread_in_vm, id=19203, stack(0x0000700000f47000,0x0000700001047000)]
  0x00007fa529815000 JavaThread "Signal Dispatcher" daemon [_thread_blocked, id=15119, stack(0x0000700000e44000,0x0000700000f44000)]
  0x00007fa529837800 JavaThread "Finalizer" daemon [_thread_blocked, id=14339, stack(0x0000700000c3b000,0x0000700000d3b000)]
  0x00007fa529837000 JavaThread "Reference Handler" daemon [_thread_blocked, id=13827, stack(0x0000700000b38000,0x0000700000c38000)]
  0x00007fa529807000 JavaThread "main" [_thread_blocked, id=5891, stack(0x000070000011a000,0x000070000021a000)]

Other Threads:
  0x00007fa529834800 VMThread [stack: 0x0000700000a35000,0x0000700000b35000] [id=13315]
  0x00007fa52c823800 WatcherThread [stack: 0x000070000175f000,0x000070000185f000] [id=23299]

VM state:not at safepoint (normal execution)

VM Mutex/Monitor currently owned by a thread: None

Heap:
 PSYoungGen      total 898048K, used 107063K [0x000000076ab00000, 0x00000007b0080000, 0x00000007c0000000)
  eden space 869888K, 12% used [0x000000076ab00000,0x000000077138dc00,0x000000079fc80000)
  from space 28160K, 0% used [0x000000079fc80000,0x000000079fc80000,0x00000007a1800000)
  to   space 32256K, 0% used [0x00000007ae100000,0x00000007ae100000,0x00000007b0080000)
 ParOldGen       total 206336K, used 39763K [0x00000006c0000000, 0x00000006cc980000, 0x000000076ab00000)
  object space 206336K, 19% used [0x00000006c0000000,0x00000006c26d4fe8,0x00000006cc980000)
 Metaspace       used 63119K, capacity 64002K, committed 64256K, reserved 1105920K
  class space    used 8232K, capacity 8391K, committed 8448K, reserved 1048576K

Card table byte_map: [0x000000011f529000,0x000000011fd2a000] byte_map_base: 0x000000011bf29000

Marking Bits: (ParMarkBitMap*) 0x000000010fac27a0
 Begin Bits: [0x0000000120280000, 0x0000000124280000)
 End Bits:   [0x0000000124280000, 0x0000000128280000)

Polling page: 0x000000010e0e9000

CodeCache: size=245760Kb used=22357Kb max_used=22600Kb free=223402Kb
 bounds [0x0000000110169000, 0x0000000111799000, 0x000000011f169000]
 total_blobs=6475 nmethods=5938 adapters=458
 compilation: enabled

Compilation events (10 events):
Event: 84.231 Thread 0x00007fa52b07b800 7087       3       edu.pitt.isg.mdc.dats2_2.Annotation::hashCode (58 bytes)
Event: 84.232 Thread 0x00007fa52b07b800 nmethod 7087 0x0000000110492790 code [0x0000000110492920, 0x0000000110492c58]
Event: 84.233 Thread 0x00007fa52b07b800 7088       3       edu.pitt.isg.dc.entry.classes.PersonOrganization::hashCode (274 bytes)
Event: 84.234 Thread 0x00007fa52b07b800 nmethod 7088 0x0000000111787f10 code [0x00000001117881c0, 0x00000001117897d8]
Event: 84.235 Thread 0x00007fa52b07b800 7089       3       edu.pitt.isg.mdc.dats2_2.Organization::hashCode (85 bytes)
Event: 84.235 Thread 0x00007fa52b07b800 nmethod 7089 0x000000011075db10 code [0x000000011075dcc0, 0x000000011075e288]
Event: 160.967 Thread 0x00007fa52b07b800 7090       1       edu.pitt.isg.mdc.dats2_2.Date::getDate (5 bytes)
Event: 160.967 Thread 0x00007fa52b07b800 nmethod 7090 0x000000011045f9d0 code [0x000000011045fb20, 0x000000011045fc30]
Event: 160.969 Thread 0x00007fa52b07b800 7091       1       edu.pitt.isg.mdc.dats2_2.Grant::getIdentifier (5 bytes)
Event: 160.969 Thread 0x00007fa52b07b800 nmethod 7091 0x0000000111772fd0 code [0x0000000111773120, 0x0000000111773230]

GC Heap History (10 events):
Event: 7.547 GC heap before
{Heap before GC invocations=8 (full 1):
 PSYoungGen      total 545280K, used 271020K [0x000000076ab00000, 0x000000078d700000, 0x00000007c0000000)
  eden space 524288K, 51% used [0x000000076ab00000,0x000000077b3ab0c8,0x000000078ab00000)
  from space 20992K, 0% used [0x000000078c280000,0x000000078c280000,0x000000078d700000)
  to   space 22528K, 0% used [0x000000078ab00000,0x000000078ab00000,0x000000078c100000)
 ParOldGen       total 106496K, used 11928K [0x00000006c0000000, 0x00000006c6800000, 0x000000076ab00000)
  object space 106496K, 11% used [0x00000006c0000000,0x00000006c0ba6028,0x00000006c6800000)
 Metaspace       used 35029K, capacity 35278K, committed 35496K, reserved 1081344K
  class space    used 4520K, capacity 4606K, committed 4608K, reserved 1048576K
Event: 7.559 GC heap after
Heap after GC invocations=8 (full 1):
 PSYoungGen      total 546816K, used 15766K [0x000000076ab00000, 0x00000007a3380000, 0x00000007c0000000)
  eden space 524288K, 0% used [0x000000076ab00000,0x000000076ab00000,0x000000078ab00000)
  from space 22528K, 69% used [0x000000078ab00000,0x000000078ba65a80,0x000000078c100000)
  to   space 23040K, 0% used [0x00000007a1d00000,0x00000007a1d00000,0x00000007a3380000)
 ParOldGen       total 106496K, used 11936K [0x00000006c0000000, 0x00000006c6800000, 0x000000076ab00000)
  object space 106496K, 11% used [0x00000006c0000000,0x00000006c0ba8028,0x00000006c6800000)
 Metaspace       used 35029K, capacity 35278K, committed 35496K, reserved 1081344K
  class space    used 4520K, capacity 4606K, committed 4608K, reserved 1048576K
}
Event: 7.559 GC heap before
{Heap before GC invocations=9 (full 2):
 PSYoungGen      total 546816K, used 15766K [0x000000076ab00000, 0x00000007a3380000, 0x00000007c0000000)
  eden space 524288K, 0% used [0x000000076ab00000,0x000000076ab00000,0x000000078ab00000)
  from space 22528K, 69% used [0x000000078ab00000,0x000000078ba65a80,0x000000078c100000)
  to   space 23040K, 0% used [0x00000007a1d00000,0x00000007a1d00000,0x00000007a3380000)
 ParOldGen       total 106496K, used 11936K [0x00000006c0000000, 0x00000006c6800000, 0x000000076ab00000)
  object space 106496K, 11% used [0x00000006c0000000,0x00000006c0ba8028,0x00000006c6800000)
 Metaspace       used 35029K, capacity 35278K, committed 35496K, reserved 1081344K
  class space    used 4520K, capacity 4606K, committed 4608K, reserved 1048576K
Event: 7.599 GC heap after
Heap after GC invocations=9 (full 2):
 PSYoungGen      total 546816K, used 0K [0x000000076ab00000, 0x00000007a3380000, 0x00000007c0000000)
  eden space 524288K, 0% used [0x000000076ab00000,0x000000076ab00000,0x000000078ab00000)
  from space 22528K, 0% used [0x000000078ab00000,0x000000078ab00000,0x000000078c100000)
  to   space 23040K, 0% used [0x00000007a1d00000,0x00000007a1d00000,0x00000007a3380000)
 ParOldGen       total 152576K, used 23612K [0x00000006c0000000, 0x00000006c9500000, 0x000000076ab00000)
  object space 152576K, 15% used [0x00000006c0000000,0x00000006c170f148,0x00000006c9500000)
 Metaspace       used 35029K, capacity 35278K, committed 35496K, reserved 1081344K
  class space    used 4520K, capacity 4606K, committed 4608K, reserved 1048576K
}
Event: 12.185 GC heap before
{Heap before GC invocations=10 (full 2):
 PSYoungGen      total 546816K, used 524288K [0x000000076ab00000, 0x00000007a3380000, 0x00000007c0000000)
  eden space 524288K, 100% used [0x000000076ab00000,0x000000078ab00000,0x000000078ab00000)
  from space 22528K, 0% used [0x000000078ab00000,0x000000078ab00000,0x000000078c100000)
  to   space 23040K, 0% used [0x00000007a1d00000,0x00000007a1d00000,0x00000007a3380000)
 ParOldGen       total 152576K, used 23612K [0x00000006c0000000, 0x00000006c9500000, 0x000000076ab00000)
  object space 152576K, 15% used [0x00000006c0000000,0x00000006c170f148,0x00000006c9500000)
 Metaspace       used 49823K, capacity 50338K, committed 50688K, reserved 1093632K
  class space    used 6515K, capacity 6635K, committed 6656K, reserved 1048576K
Event: 12.220 GC heap after
Heap after GC invocations=10 (full 2):
 PSYoungGen      total 837632K, used 23027K [0x000000076ab00000, 0x00000007a3380000, 0x00000007c0000000)
  eden space 814592K, 0% used [0x000000076ab00000,0x000000076ab00000,0x000000079c680000)
  from space 23040K, 99% used [0x00000007a1d00000,0x00000007a337ccf0,0x00000007a3380000)
  to   space 28160K, 0% used [0x000000079fc80000,0x000000079fc80000,0x00000007a1800000)
 ParOldGen       total 152576K, used 28216K [0x00000006c0000000, 0x00000006c9500000, 0x000000076ab00000)
  object space 152576K, 18% used [0x00000006c0000000,0x00000006c1b8e0b0,0x00000006c9500000)
 Metaspace       used 49823K, capacity 50338K, committed 50688K, reserved 1093632K
  class space    used 6515K, capacity 6635K, committed 6656K, reserved 1048576K
}
Event: 15.210 GC heap before
{Heap before GC invocations=11 (full 2):
 PSYoungGen      total 837632K, used 509379K [0x000000076ab00000, 0x00000007a3380000, 0x00000007c0000000)
  eden space 814592K, 59% used [0x000000076ab00000,0x00000007885f4148,0x000000079c680000)
  from space 23040K, 99% used [0x00000007a1d00000,0x00000007a337ccf0,0x00000007a3380000)
  to   space 28160K, 0% used [0x000000079fc80000,0x000000079fc80000,0x00000007a1800000)
 ParOldGen       total 152576K, used 28216K [0x00000006c0000000, 0x00000006c9500000, 0x000000076ab00000)
  object space 152576K, 18% used [0x00000006c0000000,0x00000006c1b8e0b0,0x00000006c9500000)
 Metaspace       used 58262K, capacity 59098K, committed 59160K, reserved 1101824K
  class space    used 7644K, capacity 7793K, committed 7808K, reserved 1048576K
Event: 15.235 GC heap after
Heap after GC invocations=11 (full 2):
 PSYoungGen      total 898048K, used 28149K [0x000000076ab00000, 0x00000007b0080000, 0x00000007c0000000)
  eden space 869888K, 0% used [0x000000076ab00000,0x000000076ab00000,0x000000079fc80000)
  from space 28160K, 99% used [0x000000079fc80000,0x00000007a17fd610,0x00000007a1800000)
  to   space 32256K, 0% used [0x00000007ae100000,0x00000007ae100000,0x00000007b0080000)
 ParOldGen       total 152576K, used 29025K [0x00000006c0000000, 0x00000006c9500000, 0x000000076ab00000)
  object space 152576K, 19% used [0x00000006c0000000,0x00000006c1c587c0,0x00000006c9500000)
 Metaspace       used 58262K, capacity 59098K, committed 59160K, reserved 1101824K
  class space    used 7644K, capacity 7793K, committed 7808K, reserved 1048576K
}
Event: 15.235 GC heap before
{Heap before GC invocations=12 (full 3):
 PSYoungGen      total 898048K, used 28149K [0x000000076ab00000, 0x00000007b0080000, 0x00000007c0000000)
  eden space 869888K, 0% used [0x000000076ab00000,0x000000076ab00000,0x000000079fc80000)
  from space 28160K, 99% used [0x000000079fc80000,0x00000007a17fd610,0x00000007a1800000)
  to   space 32256K, 0% used [0x00000007ae100000,0x00000007ae100000,0x00000007b0080000)
 ParOldGen       total 152576K, used 29025K [0x00000006c0000000, 0x00000006c9500000, 0x000000076ab00000)
  object space 152576K, 19% used [0x00000006c0000000,0x00000006c1c587c0,0x00000006c9500000)
 Metaspace       used 58262K, capacity 59098K, committed 59160K, reserved 1101824K
  class space    used 7644K, capacity 7793K, committed 7808K, reserved 1048576K
Event: 15.379 GC heap after
Heap after GC invocations=12 (full 3):
 PSYoungGen      total 898048K, used 0K [0x000000076ab00000, 0x00000007b0080000, 0x00000007c0000000)
  eden space 869888K, 0% used [0x000000076ab00000,0x000000076ab00000,0x000000079fc80000)
  from space 28160K, 0% used [0x000000079fc80000,0x000000079fc80000,0x00000007a1800000)
  to   space 32256K, 0% used [0x00000007ae100000,0x00000007ae100000,0x00000007b0080000)
 ParOldGen       total 206336K, used 39763K [0x00000006c0000000, 0x00000006cc980000, 0x000000076ab00000)
  object space 206336K, 19% used [0x00000006c0000000,0x00000006c26d4fe8,0x00000006cc980000)
 Metaspace       used 58262K, capacity 59098K, committed 59160K, reserved 1101824K
  class space    used 7644K, capacity 7793K, committed 7808K, reserved 1048576K
}

Deoptimization events (10 events):
Event: 15.455 Thread 0x00007fa529807000 Uncommon trap: reason=class_check action=maybe_recompile pc=0x0000000110c8ed74 method=java.util.AbstractList$Itr.hasNext()Z @ 8
Event: 15.455 Thread 0x00007fa529807000 Uncommon trap: reason=class_check action=maybe_recompile pc=0x0000000110cb1aa8 method=java.util.AbstractList$Itr.next()Ljava/lang/Object; @ 14
Event: 15.455 Thread 0x00007fa529807000 Uncommon trap: reason=class_check action=maybe_recompile pc=0x0000000110c8ed74 method=java.util.AbstractList$Itr.hasNext()Z @ 8
Event: 15.455 Thread 0x00007fa529807000 Uncommon trap: reason=class_check action=maybe_recompile pc=0x0000000110cb1aa8 method=java.util.AbstractList$Itr.next()Ljava/lang/Object; @ 14
Event: 15.495 Thread 0x00007fa529807000 Uncommon trap: reason=unstable_if action=reinterpret pc=0x00000001103938f0 method=java.lang.ClassLoader.preDefineClass(Ljava/lang/String;Ljava/security/ProtectionDomain;)Ljava/security/ProtectionDomain; @ 86
Event: 15.610 Thread 0x00007fa529807000 Uncommon trap: reason=unstable_if action=reinterpret pc=0x00000001106f3610 method=java.util.HashMap.hash(Ljava/lang/Object;)I @ 1
Event: 15.706 Thread 0x00007fa529807000 Uncommon trap: reason=unstable_if action=reinterpret pc=0x0000000110e05458 method=com.google.gson.stream.JsonWriter.string(Ljava/lang/String;)V @ 4
Event: 15.877 Thread 0x00007fa529807000 Uncommon trap: reason=unstable_if action=reinterpret pc=0x000000011073f018 method=sun.util.calendar.CalendarUtils.isGregorianLeapYear(I)Z @ 10
Event: 15.881 Thread 0x00007fa529807000 Uncommon trap: reason=unstable_if action=reinterpret pc=0x00000001106aef7c method=sun.util.calendar.ZoneInfo.getOffsets(J[II)I @ 4
Event: 16.044 Thread 0x00007fa529807000 Uncommon trap: reason=unstable_if action=reinterpret pc=0x00000001117574e4 method=java.lang.Character.isISOControl(I)Z @ 4

Internal exceptions (10 events):
Event: 14.187 Thread 0x00007fa529807000 Exception <a 'java/lang/ClassNotFoundException': org/springframework/context/annotation/ConfigurationClassEnhancer$EnhancedConfigurationCustomizer> (0x000000078039b078) thrown at [/Users/java_re/workspace/8-2-build-macosx-x86_64/jdk8u40/3153/hotspot/src/s
Event: 14.628 Thread 0x00007fa529807000 Exception <a 'java/lang/ClassNotFoundException': DatasetValidatorTestBeanInfo> (0x0000000783e96f90) thrown at [/Users/java_re/workspace/8-2-build-macosx-x86_64/jdk8u40/3153/hotspot/src/share/vm/classfile/systemDictionary.cpp, line 210]
Event: 14.629 Thread 0x00007fa529807000 Exception <a 'java/lang/ClassNotFoundException': DatasetValidatorTestCustomizer> (0x0000000783eb7698) thrown at [/Users/java_re/workspace/8-2-build-macosx-x86_64/jdk8u40/3153/hotspot/src/share/vm/classfile/systemDictionary.cpp, line 210]
Event: 15.162 Thread 0x00007fa529807000 Exception <a 'java/lang/ClassNotFoundException': com/sun/org/glassfish/hk2/osgiresourcelocator/ServiceLoader> (0x0000000786f06568) thrown at [/Users/java_re/workspace/8-2-build-macosx-x86_64/jdk8u40/3153/hotspot/src/share/vm/classfile/systemDictionary.cpp
Event: 15.197 Thread 0x00007fa529807000 Exception <a 'java/lang/NullPointerException'> (0x000000078764f2c0) thrown at [/Users/java_re/workspace/8-2-build-macosx-x86_64/jdk8u40/3153/hotspot/src/share/vm/interpreter/linkResolver.cpp, line 1280]
Event: 15.495 Thread 0x00007fa529807000 Implicit null exception at 0x000000011039179b to 0x00000001103938d5
Event: 15.610 Thread 0x00007fa529807000 Implicit null exception at 0x00000001106f32f4 to 0x00000001106f35f9
Event: 15.645 Thread 0x00007fa529807000 Exception <a 'java/lang/ClassNotFoundException': com/sun/org/glassfish/hk2/osgiresourcelocator/ServiceLoader> (0x000000076ce59218) thrown at [/Users/java_re/workspace/8-2-build-macosx-x86_64/jdk8u40/3153/hotspot/src/share/vm/classfile/systemDictionary.cpp
Event: 15.710 Thread 0x00007fa529807000 Exception <a 'java/lang/ClassNotFoundException': com/sun/org/glassfish/hk2/osgiresourcelocator/ServiceLoader> (0x000000076d2f0e58) thrown at [/Users/java_re/workspace/8-2-build-macosx-x86_64/jdk8u40/3153/hotspot/src/share/vm/classfile/systemDictionary.cpp
Event: 15.881 Thread 0x00007fa529807000 Implicit null exception at 0x00000001106ae95d to 0x00000001106aef59

Events (10 events):
Event: 84553.864 Executing VM operation: RedefineClasses
Event: 84553.916 Executing VM operation: RedefineClasses done
Event: 84553.918 Executing VM operation: GetOrSetLocal
Event: 84553.918 Executing VM operation: GetOrSetLocal done
Event: 84553.935 Executing VM operation: ChangeBreakpoints
Event: 84553.937 Executing VM operation: ChangeBreakpoints done
Event: 84553.941 Executing VM operation: ChangeBreakpoints
Event: 84553.944 Executing VM operation: ChangeBreakpoints done
Event: 84553.959 Executing VM operation: ChangeBreakpoints
Event: 84553.961 Executing VM operation: ChangeBreakpoints done


Dynamic libraries:
0x0000000003155000 	/System/Library/Frameworks/Cocoa.framework/Versions/A/Cocoa
0x0000000003155000 	/System/Library/Frameworks/Security.framework/Versions/A/Security
0x0000000003155000 	/System/Library/Frameworks/ApplicationServices.framework/Versions/A/ApplicationServices
0x0000000003155000 	/usr/lib/libz.1.dylib
0x0000000003155000 	/usr/lib/libSystem.B.dylib
0x0000000003155000 	/usr/lib/libobjc.A.dylib
0x0000000003155000 	/System/Library/Frameworks/CoreFoundation.framework/Versions/A/CoreFoundation
0x0000000003155000 	/System/Library/Frameworks/Foundation.framework/Versions/C/Foundation
0x0000000003155000 	/System/Library/Frameworks/AppKit.framework/Versions/C/AppKit
0x0000000003155000 	/System/Library/Frameworks/CoreData.framework/Versions/A/CoreData
0x0000000003155000 	/System/Library/PrivateFrameworks/RemoteViewServices.framework/Versions/A/RemoteViewServices
0x0000000003155000 	/System/Library/PrivateFrameworks/UIFoundation.framework/Versions/A/UIFoundation
0x0000000003155000 	/usr/lib/libScreenReader.dylib
0x0000000003155000 	/System/Library/Frameworks/Accelerate.framework/Versions/A/Accelerate
0x0000000003155000 	/System/Library/Frameworks/IOSurface.framework/Versions/A/IOSurface
0x0000000003155000 	/System/Library/Frameworks/AudioToolbox.framework/Versions/A/AudioToolbox
0x0000000003155000 	/System/Library/Frameworks/AudioUnit.framework/Versions/A/AudioUnit
0x0000000003155000 	/System/Library/PrivateFrameworks/DataDetectorsCore.framework/Versions/A/DataDetectorsCore
0x0000000003155000 	/System/Library/PrivateFrameworks/DesktopServicesPriv.framework/Versions/A/DesktopServicesPriv
0x0000000003155000 	/System/Library/Frameworks/Carbon.framework/Versions/A/Frameworks/HIToolbox.framework/Versions/A/HIToolbox
0x0000000003155000 	/System/Library/Frameworks/QuartzCore.framework/Versions/A/QuartzCore
0x0000000003155000 	/System/Library/Frameworks/Carbon.framework/Versions/A/Frameworks/SpeechRecognition.framework/Versions/A/SpeechRecognition
0x0000000003155000 	/usr/lib/libauto.dylib
0x0000000003155000 	/usr/lib/libicucore.A.dylib
0x0000000003155000 	/usr/lib/libxml2.2.dylib
0x0000000003155000 	/System/Library/PrivateFrameworks/CoreUI.framework/Versions/A/CoreUI
0x0000000003155000 	/System/Library/Frameworks/CoreAudio.framework/Versions/A/CoreAudio
0x0000000003155000 	/System/Library/Frameworks/DiskArbitration.framework/Versions/A/DiskArbitration
0x0000000003155000 	/usr/lib/liblangid.dylib
0x0000000003155000 	/System/Library/PrivateFrameworks/MultitouchSupport.framework/Versions/A/MultitouchSupport
0x0000000003155000 	/System/Library/Frameworks/IOKit.framework/Versions/A/IOKit
0x0000000003155000 	/usr/lib/libDiagnosticMessagesClient.dylib
0x0000000003155000 	/System/Library/Frameworks/CoreServices.framework/Versions/A/CoreServices
0x0000000003155000 	/System/Library/PrivateFrameworks/PerformanceAnalysis.framework/Versions/A/PerformanceAnalysis
0x0000000003155000 	/System/Library/PrivateFrameworks/GenerationalStorage.framework/Versions/A/GenerationalStorage
0x0000000003155000 	/System/Library/Frameworks/OpenGL.framework/Versions/A/OpenGL
0x0000000003155000 	/System/Library/PrivateFrameworks/Sharing.framework/Versions/A/Sharing
0x0000000003155000 	/System/Library/Frameworks/CoreGraphics.framework/Versions/A/CoreGraphics
0x0000000003155000 	/System/Library/Frameworks/CoreImage.framework/Versions/A/CoreImage
0x0000000003155000 	/System/Library/Frameworks/CoreText.framework/Versions/A/CoreText
0x0000000003155000 	/System/Library/Frameworks/ImageIO.framework/Versions/A/ImageIO
0x0000000003155000 	/System/Library/PrivateFrameworks/Backup.framework/Versions/A/Backup
0x0000000003155000 	/usr/lib/libextension.dylib
0x0000000003155000 	/usr/lib/libarchive.2.dylib
0x0000000003155000 	/System/Library/Frameworks/CFNetwork.framework/Versions/A/CFNetwork
0x0000000003155000 	/System/Library/Frameworks/SystemConfiguration.framework/Versions/A/SystemConfiguration
0x0000000003155000 	/usr/lib/libCRFSuite.dylib
0x0000000003155000 	/usr/lib/libc++.1.dylib
0x0000000003155000 	/usr/lib/libc++abi.dylib
0x0000000003155000 	/usr/lib/system/libcache.dylib
0x0000000003155000 	/usr/lib/system/libcommonCrypto.dylib
0x0000000003155000 	/usr/lib/system/libcompiler_rt.dylib
0x0000000003155000 	/usr/lib/system/libcopyfile.dylib
0x0000000003155000 	/usr/lib/system/libcorecrypto.dylib
0x0000000003155000 	/usr/lib/system/libdispatch.dylib
0x0000000003155000 	/usr/lib/system/libdyld.dylib
0x0000000003155000 	/usr/lib/system/libkeymgr.dylib
0x0000000003155000 	/usr/lib/system/liblaunch.dylib
0x0000000003155000 	/usr/lib/system/libmacho.dylib
0x0000000003155000 	/usr/lib/system/libquarantine.dylib
0x0000000003155000 	/usr/lib/system/libremovefile.dylib
0x0000000003155000 	/usr/lib/system/libsystem_asl.dylib
0x0000000003155000 	/usr/lib/system/libsystem_blocks.dylib
0x0000000003155000 	/usr/lib/system/libsystem_c.dylib
0x0000000003155000 	/usr/lib/system/libsystem_configuration.dylib
0x0000000003155000 	/usr/lib/system/libsystem_coreservices.dylib
0x0000000003155000 	/usr/lib/system/libsystem_coretls.dylib
0x0000000003155000 	/usr/lib/system/libsystem_dnssd.dylib
0x0000000003155000 	/usr/lib/system/libsystem_info.dylib
0x0000000003155000 	/usr/lib/system/libsystem_kernel.dylib
0x0000000003155000 	/usr/lib/system/libsystem_m.dylib
0x0000000003155000 	/usr/lib/system/libsystem_malloc.dylib
0x0000000003155000 	/usr/lib/system/libsystem_network.dylib
0x0000000003155000 	/usr/lib/system/libsystem_networkextension.dylib
0x0000000003155000 	/usr/lib/system/libsystem_notify.dylib
0x0000000003155000 	/usr/lib/system/libsystem_platform.dylib
0x0000000003155000 	/usr/lib/system/libsystem_pthread.dylib
0x0000000003155000 	/usr/lib/system/libsystem_sandbox.dylib
0x0000000003155000 	/usr/lib/system/libsystem_secinit.dylib
0x0000000003155000 	/usr/lib/system/libsystem_trace.dylib
0x0000000003155000 	/usr/lib/system/libunc.dylib
0x0000000003155000 	/usr/lib/system/libunwind.dylib
0x0000000003155000 	/usr/lib/system/libxpc.dylib
0x0000000003155000 	/usr/lib/libenergytrace.dylib
0x0000000003155000 	/usr/lib/libbsm.0.dylib
0x0000000003155000 	/usr/lib/system/libkxld.dylib
0x0000000003155000 	/usr/lib/libxar.1.dylib
0x0000000003155000 	/usr/lib/libsqlite3.dylib
0x0000000003155000 	/usr/lib/libpam.2.dylib
0x0000000003155000 	/usr/lib/libOpenScriptingUtil.dylib
0x0000000003155000 	/usr/lib/libbz2.1.0.dylib
0x0000000003155000 	/usr/lib/liblzma.5.dylib
0x0000000003155000 	/System/Library/Frameworks/CoreServices.framework/Versions/A/Frameworks/FSEvents.framework/Versions/A/FSEvents
0x0000000003155000 	/System/Library/Frameworks/CoreServices.framework/Versions/A/Frameworks/CarbonCore.framework/Versions/A/CarbonCore
0x0000000003155000 	/System/Library/Frameworks/CoreServices.framework/Versions/A/Frameworks/Metadata.framework/Versions/A/Metadata
0x0000000003155000 	/System/Library/Frameworks/CoreServices.framework/Versions/A/Frameworks/OSServices.framework/Versions/A/OSServices
0x0000000003155000 	/System/Library/Frameworks/CoreServices.framework/Versions/A/Frameworks/SearchKit.framework/Versions/A/SearchKit
0x0000000003155000 	/System/Library/Frameworks/CoreServices.framework/Versions/A/Frameworks/AE.framework/Versions/A/AE
0x0000000003155000 	/System/Library/Frameworks/CoreServices.framework/Versions/A/Frameworks/LaunchServices.framework/Versions/A/LaunchServices
0x0000000003155000 	/System/Library/Frameworks/CoreServices.framework/Versions/A/Frameworks/DictionaryServices.framework/Versions/A/DictionaryServices
0x0000000003155000 	/System/Library/Frameworks/CoreServices.framework/Versions/A/Frameworks/SharedFileList.framework/Versions/A/SharedFileList
0x0000000003155000 	/System/Library/Frameworks/NetFS.framework/Versions/A/NetFS
0x0000000003155000 	/System/Library/PrivateFrameworks/NetAuth.framework/Versions/A/NetAuth
0x0000000003155000 	/System/Library/PrivateFrameworks/login.framework/Versions/A/Frameworks/loginsupport.framework/Versions/A/loginsupport
0x0000000003155000 	/System/Library/PrivateFrameworks/TCC.framework/Versions/A/TCC
0x0000000003155000 	/usr/lib/libmecabra.dylib
0x0000000003155000 	/System/Library/Frameworks/ApplicationServices.framework/Versions/A/Frameworks/ATS.framework/Versions/A/ATS
0x0000000003155000 	/System/Library/Frameworks/ApplicationServices.framework/Versions/A/Frameworks/ColorSync.framework/Versions/A/ColorSync
0x0000000003155000 	/System/Library/Frameworks/ApplicationServices.framework/Versions/A/Frameworks/HIServices.framework/Versions/A/HIServices
0x0000000003155000 	/System/Library/Frameworks/ApplicationServices.framework/Versions/A/Frameworks/LangAnalysis.framework/Versions/A/LangAnalysis
0x0000000003155000 	/System/Library/Frameworks/ApplicationServices.framework/Versions/A/Frameworks/PrintCore.framework/Versions/A/PrintCore
0x0000000003155000 	/System/Library/Frameworks/ApplicationServices.framework/Versions/A/Frameworks/QD.framework/Versions/A/QD
0x0000000003155000 	/System/Library/Frameworks/ApplicationServices.framework/Versions/A/Frameworks/SpeechSynthesis.framework/Versions/A/SpeechSynthesis
0x0000000003155000 	/System/Library/Frameworks/Metal.framework/Versions/A/Metal
0x0000000003155000 	/System/Library/Frameworks/Accelerate.framework/Versions/A/Frameworks/vImage.framework/Versions/A/vImage
0x0000000003155000 	/System/Library/Frameworks/Accelerate.framework/Versions/A/Frameworks/vecLib.framework/Versions/A/vecLib
0x0000000003155000 	/System/Library/Frameworks/Accelerate.framework/Versions/A/Frameworks/vecLib.framework/Versions/A/libvDSP.dylib
0x0000000003155000 	/System/Library/Frameworks/Accelerate.framework/Versions/A/Frameworks/vecLib.framework/Versions/A/libvMisc.dylib
0x0000000003155000 	/System/Library/Frameworks/Accelerate.framework/Versions/A/Frameworks/vecLib.framework/Versions/A/libLAPACK.dylib
0x0000000003155000 	/System/Library/Frameworks/Accelerate.framework/Versions/A/Frameworks/vecLib.framework/Versions/A/libBLAS.dylib
0x0000000003155000 	/System/Library/Frameworks/Accelerate.framework/Versions/A/Frameworks/vecLib.framework/Versions/A/libLinearAlgebra.dylib
0x0000000003155000 	/System/Library/Frameworks/Accelerate.framework/Versions/A/Frameworks/vecLib.framework/Versions/A/libSparseBLAS.dylib
0x0000000003155000 	/System/Library/PrivateFrameworks/GPUCompiler.framework/libmetal_timestamp.dylib
0x0000000003155000 	/System/Library/Frameworks/OpenGL.framework/Versions/A/Libraries/libCoreFSCache.dylib
0x0000000003155000 	/System/Library/PrivateFrameworks/IOAccelerator.framework/Versions/A/IOAccelerator
0x0000000003155000 	/System/Library/Frameworks/ApplicationServices.framework/Versions/A/Frameworks/ATS.framework/Versions/A/Resources/libFontParser.dylib
0x0000000003155000 	/System/Library/Frameworks/ApplicationServices.framework/Versions/A/Frameworks/ATS.framework/Versions/A/Resources/libFontRegistry.dylib
0x0000000003155000 	/System/Library/PrivateFrameworks/AppleVPA.framework/Versions/A/AppleVPA
0x0000000003155000 	/System/Library/PrivateFrameworks/AppleJPEG.framework/Versions/A/AppleJPEG
0x0000000003155000 	/System/Library/Frameworks/ImageIO.framework/Versions/A/Resources/libJPEG.dylib
0x0000000003155000 	/System/Library/Frameworks/ImageIO.framework/Versions/A/Resources/libTIFF.dylib
0x0000000003155000 	/System/Library/Frameworks/ImageIO.framework/Versions/A/Resources/libPng.dylib
0x0000000003155000 	/System/Library/Frameworks/ImageIO.framework/Versions/A/Resources/libGIF.dylib
0x0000000003155000 	/System/Library/Frameworks/ImageIO.framework/Versions/A/Resources/libJP2.dylib
0x0000000003155000 	/System/Library/Frameworks/ImageIO.framework/Versions/A/Resources/libRadiance.dylib
0x0000000003155000 	/System/Library/Frameworks/CoreVideo.framework/Versions/A/CoreVideo
0x0000000003155000 	/System/Library/Frameworks/OpenGL.framework/Versions/A/Libraries/libGLU.dylib
0x0000000003155000 	/System/Library/Frameworks/OpenGL.framework/Versions/A/Libraries/libGFXShared.dylib
0x0000000003155000 	/System/Library/Frameworks/OpenGL.framework/Versions/A/Libraries/libGL.dylib
0x0000000003155000 	/System/Library/Frameworks/OpenGL.framework/Versions/A/Libraries/libGLImage.dylib
0x0000000003155000 	/System/Library/Frameworks/OpenGL.framework/Versions/A/Libraries/libCVMSPluginSupport.dylib
0x0000000003155000 	/System/Library/Frameworks/OpenGL.framework/Versions/A/Libraries/libCoreVMClient.dylib
0x0000000003155000 	/usr/lib/libcompression.dylib
0x0000000003155000 	/usr/lib/libcups.2.dylib
0x0000000003155000 	/System/Library/Frameworks/Kerberos.framework/Versions/A/Kerberos
0x0000000003155000 	/System/Library/Frameworks/GSS.framework/Versions/A/GSS
0x0000000003155000 	/usr/lib/libresolv.9.dylib
0x0000000003155000 	/usr/lib/libiconv.2.dylib
0x0000000003155000 	/System/Library/PrivateFrameworks/Heimdal.framework/Versions/A/Heimdal
0x0000000003155000 	/usr/lib/libheimdal-asn1.dylib
0x0000000003155000 	/System/Library/Frameworks/OpenDirectory.framework/Versions/A/OpenDirectory
0x0000000003155000 	/System/Library/PrivateFrameworks/CommonAuth.framework/Versions/A/CommonAuth
0x0000000003155000 	/System/Library/Frameworks/OpenDirectory.framework/Versions/A/Frameworks/CFOpenDirectory.framework/Versions/A/CFOpenDirectory
0x0000000003155000 	/System/Library/Frameworks/SecurityFoundation.framework/Versions/A/SecurityFoundation
0x0000000003155000 	/System/Library/PrivateFrameworks/LanguageModeling.framework/Versions/A/LanguageModeling
0x0000000003155000 	/usr/lib/libmarisa.dylib
0x0000000003155000 	/usr/lib/libChineseTokenizer.dylib
0x0000000003155000 	/usr/lib/libcmph.dylib
0x0000000003155000 	/System/Library/Frameworks/ServiceManagement.framework/Versions/A/ServiceManagement
0x0000000003155000 	/usr/lib/libxslt.1.dylib
0x0000000003155000 	/System/Library/Frameworks/Carbon.framework/Versions/A/Frameworks/Ink.framework/Versions/A/Ink
0x0000000003155000 	/usr/lib/libFosl_dynamic.dylib
0x0000000003155000 	/System/Library/PrivateFrameworks/FaceCore.framework/Versions/A/FaceCore
0x0000000003155000 	/System/Library/Frameworks/OpenCL.framework/Versions/A/OpenCL
0x0000000003155000 	/System/Library/PrivateFrameworks/CrashReporterSupport.framework/Versions/A/CrashReporterSupport
0x0000000003155000 	/System/Library/PrivateFrameworks/IconServices.framework/Versions/A/IconServices
0x0000000003155000 	/System/Library/PrivateFrameworks/Apple80211.framework/Versions/A/Apple80211
0x0000000003155000 	/System/Library/Frameworks/CoreWLAN.framework/Versions/A/CoreWLAN
0x0000000003155000 	/System/Library/Frameworks/IOBluetooth.framework/Versions/A/IOBluetooth
0x0000000003155000 	/System/Library/PrivateFrameworks/CoreWiFi.framework/Versions/A/CoreWiFi
0x0000000003155000 	/System/Library/Frameworks/CoreBluetooth.framework/Versions/A/CoreBluetooth
0x0000000003155000 	/System/Library/PrivateFrameworks/ChunkingLibrary.framework/Versions/A/ChunkingLibrary
0x0000000003155000 	/System/Library/PrivateFrameworks/DebugSymbols.framework/Versions/A/DebugSymbols
0x0000000003155000 	/System/Library/PrivateFrameworks/CoreSymbolication.framework/Versions/A/CoreSymbolication
0x0000000003155000 	/System/Library/PrivateFrameworks/Symbolication.framework/Versions/A/Symbolication
0x0000000003155000 	/System/Library/PrivateFrameworks/SpeechRecognitionCore.framework/Versions/A/SpeechRecognitionCore
0x000000010f200000 	/Library/Java/JavaVirtualMachines/jdk1.8.0_40.jdk/Contents/Home/jre/lib/server/libjvm.dylib
0x0000000003155000 	/usr/lib/libstdc++.6.dylib
0x000000010e0a6000 	/Library/Java/JavaVirtualMachines/jdk1.8.0_40.jdk/Contents/Home/jre/lib/libverify.dylib
0x000000010e0b4000 	/Library/Java/JavaVirtualMachines/jdk1.8.0_40.jdk/Contents/Home/jre/lib/libjava.dylib
0x000000010e0ea000 	/Library/Java/JavaVirtualMachines/jdk1.8.0_40.jdk/Contents/Home/jre/lib/libjdwp.dylib
0x000000010e135000 	/Library/Java/JavaVirtualMachines/jdk1.8.0_40.jdk/Contents/Home/jre/lib/libnpt.dylib
0x000000010e139000 	/Library/Java/JavaVirtualMachines/jdk1.8.0_40.jdk/Contents/Home/jre/lib/libinstrument.dylib
0x000000010e197000 	/Library/Java/JavaVirtualMachines/jdk1.8.0_40.jdk/Contents/Home/jre/lib/libzip.dylib
0x000000012b1a6000 	/System/Library/Frameworks/JavaVM.framework/Frameworks/JavaRuntimeSupport.framework/JavaRuntimeSupport
0x000000012b1c1000 	/System/Library/Frameworks/JavaVM.framework/Versions/A/Frameworks/JavaNativeFoundation.framework/Versions/A/JavaNativeFoundation
0x000000010e1f0000 	/System/Library/Frameworks/JavaVM.framework/Versions/A/JavaVM
0x0000000003155000 	/System/Library/Frameworks/Carbon.framework/Versions/A/Carbon
0x000000012b1d6000 	/System/Library/PrivateFrameworks/JavaLaunching.framework/Versions/A/JavaLaunching
0x0000000003155000 	/System/Library/Frameworks/Carbon.framework/Versions/A/Frameworks/CommonPanels.framework/Versions/A/CommonPanels
0x0000000003155000 	/System/Library/Frameworks/Carbon.framework/Versions/A/Frameworks/Help.framework/Versions/A/Help
0x0000000003155000 	/System/Library/Frameworks/Carbon.framework/Versions/A/Frameworks/ImageCapture.framework/Versions/A/ImageCapture
0x0000000003155000 	/System/Library/Frameworks/Carbon.framework/Versions/A/Frameworks/OpenScripting.framework/Versions/A/OpenScripting
0x0000000003155000 	/System/Library/Frameworks/Carbon.framework/Versions/A/Frameworks/Print.framework/Versions/A/Print
0x0000000003155000 	/System/Library/Frameworks/Carbon.framework/Versions/A/Frameworks/SecurityHI.framework/Versions/A/SecurityHI
0x000000012caf7000 	/Library/Java/JavaVirtualMachines/jdk1.8.0_40.jdk/Contents/Home/jre/lib/libdt_socket.dylib
0x000000012d451000 	/Library/Java/JavaVirtualMachines/jdk1.8.0_40.jdk/Contents/Home/jre/lib/libnet.dylib
0x000000012d4c8000 	/Library/Java/JavaVirtualMachines/jdk1.8.0_40.jdk/Contents/Home/jre/lib/libsunec.dylib
0x000000012d1cf000 	/Library/Java/JavaVirtualMachines/jdk1.8.0_40.jdk/Contents/Home/jre/lib/libmanagement.dylib
0x000000012d1dc000 	/Library/Java/JavaVirtualMachines/jdk1.8.0_40.jdk/Contents/Home/jre/lib/libnio.dylib

VM Arguments:
jvm_args: -agentlib:jdwp=transport=dt_socket,address=127.0.0.1:55474,suspend=y,server=n -Dvisualvm.id=3249745649976675 -ea -Didea.test.cyclic.buffer.size=1048576 -javaagent:/Users/jdl50/Library/Caches/IntelliJIdea2018.1/captureAgent/debugger-agent.jar=file:/private/var/folders/t4/kptvr45d2vb5r2cvr4gmtb01_r0zsq/T/capture.props -Dfile.encoding=UTF-8 
java_command: com.intellij.rt.execution.junit.JUnitStarter -ideVersion5 -junit4 DatasetValidatorTest
java_class_path (initial): /Applications/IntelliJ IDEA.app/Contents/lib/idea_rt.jar:/Applications/IntelliJ IDEA.app/Contents/plugins/junit/lib/junit-rt.jar:/Applications/IntelliJ IDEA.app/Contents/plugins/junit/lib/junit5-rt.jar:/Library/Java/JavaVirtualMachines/jdk1.8.0_40.jdk/Contents/Home/lib/ant-javafx.jar:/Library/Java/JavaVirtualMachines/jdk1.8.0_40.jdk/Contents/Home/lib/dt.jar:/Library/Java/JavaVirtualMachines/jdk1.8.0_40.jdk/Contents/Home/lib/javafx-mx.jar:/Library/Java/JavaVirtualMachines/jdk1.8.0_40.jdk/Contents/Home/lib/jconsole.jar:/Library/Java/JavaVirtualMachines/jdk1.8.0_40.jdk/Contents/Home/lib/packager.jar:/Library/Java/JavaVirtualMachines/jdk1.8.0_40.jdk/Contents/Home/lib/sa-jdi.jar:/Library/Java/JavaVirtualMachines/jdk1.8.0_40.jdk/Contents/Home/lib/tools.jar:/Library/Java/JavaVirtualMachines/jdk1.8.0_40.jdk/Contents/Home/jre/lib/charsets.jar:/Library/Java/JavaVirtualMachines/jdk1.8.0_40.jdk/Contents/Home/jre/lib/deploy.jar:/Library/Java/JavaVirtualMachines/jdk1.8.0_40.jdk/Contents/Home/jre/lib/javaws.jar:/Library/Java/JavaVirtualMachines/jdk1.8.0_40.jdk/Contents/Home/jre/lib/jce.jar:/Library/Java/JavaVirtualMachines/jdk1.8.0_40.jdk/Contents/Home/jre/lib/jfr.jar:/Library/Java/JavaVirtualMachines/jdk1.8.0_40.jdk/Contents/Home/jre/lib/jfxswt.jar:/Library/Java/JavaVirtualMachines/jdk1.8.0_40.jdk/Contents/Home/jre/lib/jsse.jar:/Library/Java/JavaVirtualMachines/jdk1.8.0_40.jdk/Contents/Home/jre/lib/management-agent.jar:/Library/Java/JavaVirtualMachines/jdk1.8.0_40.jdk/Contents/Home/jre/lib/plugin.jar:/Library/Java/JavaVirtualMachines/jdk1.8.0_40.jdk/Contents/Home/jre/lib/resources.jar:/Library/Java/JavaVirtualMachines/jdk1.8.0_40.jdk/Contents/Home/jre/lib/rt.jar:/Library/Java/JavaVirtualMachines/jdk1.8.0_40.jdk/Contents/Home/jre/lib/ext/cldrdata.jar:/Library/Java/JavaVirtualMachines/jdk1.8.0_40.jdk/Contents/Home/jre/lib/ext/dnsns.jar:/Library/Java/JavaVirtualMachines/jdk1.8.0_40.jdk/Contents/Home/jre/lib/ext/jfxrt.jar:/Library/Java/JavaVirtualMachines
Launcher Type: SUN_STANDARD

Environment Variables:
PATH=/Users/jdl50/anaconda/bin:/Users/jdl50/devapps/apache-maven-3.3.9/bin:/Users/jdl50/devapps/apache-maven-3.3.9/bin:/usr/local/bin:/usr/bin:/bin:/usr/sbin:/sbin:/Library/PostgreSQL/9.6/bin
SHELL=/bin/bash

Signal Handlers:
SIGSEGV: [libjvm.dylib+0x58ef95], sa_mask[0]=11111111011111110111111111111111, sa_flags=SA_ONSTACK|SA_RESTART|SA_SIGINFO
SIGBUS: [libjvm.dylib+0x58ef95], sa_mask[0]=11111111011111110111111111111111, sa_flags=SA_RESTART|SA_SIGINFO
SIGFPE: [libjvm.dylib+0x46c118], sa_mask[0]=11111111011111110111111111111111, sa_flags=SA_RESTART|SA_SIGINFO
SIGPIPE: [libjvm.dylib+0x46c118], sa_mask[0]=11111111011111110111111111111111, sa_flags=SA_RESTART|SA_SIGINFO
SIGXFSZ: [libjvm.dylib+0x46c118], sa_mask[0]=11111111011111110111111111111111, sa_flags=SA_RESTART|SA_SIGINFO
SIGILL: [libjvm.dylib+0x46c118], sa_mask[0]=11111111011111110111111111111111, sa_flags=SA_RESTART|SA_SIGINFO
SIGUSR1: SIG_DFL, sa_mask[0]=00000000000000000000000000000000, sa_flags=none
SIGUSR2: [libjvm.dylib+0x46bc36], sa_mask[0]=00100000000000000000000000000000, sa_flags=SA_RESTART|SA_SIGINFO
SIGHUP: [libjvm.dylib+0x46a209], sa_mask[0]=11111111011111110111111111111111, sa_flags=SA_RESTART|SA_SIGINFO
SIGINT: [libjvm.dylib+0x46a209], sa_mask[0]=11111111011111110111111111111111, sa_flags=SA_RESTART|SA_SIGINFO
SIGTERM: [libjvm.dylib+0x46a209], sa_mask[0]=11111111011111110111111111111111, sa_flags=SA_RESTART|SA_SIGINFO
SIGQUIT: [libjvm.dylib+0x46a209], sa_mask[0]=11111111011111110111111111111111, sa_flags=SA_RESTART|SA_SIGINFO


---------------  S Y S T E M  ---------------

OS:Bsduname:Darwin 15.6.0 Darwin Kernel Version 15.6.0: Mon Nov 13 21:58:35 PST 2017; root:xnu-3248.72.11~1/RELEASE_X86_64 x86_64
rlimit: STACK 8192k, CORE 0k, NPROC 709, NOFILE 10240, AS infinity
load average:4.47 4.42 4.45

CPU:total 8 (4 cores per cpu, 2 threads per core) family 6 model 60 stepping 3, cmov, cx8, fxsr, mmx, sse, sse2, sse3, ssse3, sse4.1, sse4.2, popcnt, avx, avx2, aes, clmul, erms, rtm, lzcnt, ht, tsc, tscinvbit, bmi1, bmi2

Memory: 4k page, physical 16777216k(544012k free)

/proc/meminfo:


vm_info: Java HotSpot(TM) 64-Bit Server VM (25.40-b25) for bsd-amd64 JRE (1.8.0_40-b27), built on Mar 13 2015 04:46:52 by "java_re" with gcc 4.2.1 (Based on Apple Inc. build 5658) (LLVM build 2336.11.00)

time: Fri Aug  3 15:46:12 2018
elapsed time: 84554 seconds (0d 23h 29m 14s)

